2026-03-04 23:04:07,928 [INFO] __main__: Log file: logs/ple/train_ple_20260304_230407.log
2026-03-04 23:04:07,928 [INFO] __main__: Config: {
  "experiment_name": "ple_mtl_ctr_cvr",
  "description": "PLE Multi-Task Learning for CTR/CVR Prediction with Uncertainty Weighting",
  "data": {
    "num_samples": 50000,
    "num_sparse_features": 20,
    "num_dense_features": 10,
    "batch_size": 2048,
    "train_ratio": 0.7,
    "val_ratio": 0.15,
    "num_workers": 0,
    "seed": 42
  },
  "model": {
    "num_tasks": 2,
    "embedding_dim": 8,
    "num_extraction_layers": 2,
    "expert_dim": 64,
    "num_task_experts": 2,
    "num_shared_experts": 1,
    "tower_hidden_dim": 32,
    "dropout": 0.1,
    "initial_temperature": 2.0,
    "use_esmm": true,
    "use_feature_mask": true,
    "mask_ratio": 0.15
  },
  "training": {
    "num_epochs": 10,
    "learning_rate": 0.001,
    "weight_decay": 1e-05,
    "grad_clip": 1.0,
    "use_uncertainty_weight": true,
    "initial_log_sigma": 0.0,
    "mask_loss_weight": 0.1,
    "load_balance_weight": 0.01,
    "temp_decay_rate": 0.95,
    "conflict_check_interval": 100,
    "patience": 15,
    "min_delta": 0.0001,
    "save_interval": 5
  },
  "gradient_conflict": {
    "ema_alpha": 0.1,
    "conflict_threshold": -0.1,
    "freeze_scale": 0.1,
    "window_size": 50
  }
}
2026-03-04 23:04:07,929 [INFO] __main__: ============================================================
2026-03-04 23:04:07,929 [INFO] __main__: Step 1: Data Generation
2026-03-04 23:04:07,929 [INFO] __main__: ============================================================
2026-03-04 23:04:07,929 [INFO] src.data.dataset: Generating synthetic Ali-CCP data: 50000 samples
2026-03-04 23:04:08,086 [INFO] src.data.dataset: CTR rate: 0.2672, CVR rate: 0.0758
2026-03-04 23:04:08,086 [INFO] src.data.dataset: CVR|Click rate: 0.2835
2026-03-04 23:04:08,089 [INFO] __main__: Data stats: {
  "num_samples": 50000,
  "ctr_rate": 0.2671999931335449,
  "cvr_rate": 0.07575999945402145,
  "cvr_given_click": 0.2835329473018646,
  "sparse_dims": [
    1000,
    500,
    50,
    20,
    100,
    5,
    30,
    200,
    100,
    24,
    7,
    12,
    50,
    50,
    30,
    30,
    10,
    20,
    15,
    8
  ],
  "num_sparse": 20,
  "num_dense": 10
}
2026-03-04 23:04:08,132 [INFO] src.data.dataset: Data split: train=35000, val=7500, test=7500
2026-03-04 23:04:08,132 [INFO] __main__: DataLoaders created: train=35000, val=7500, test=7500
2026-03-04 23:04:08,132 [INFO] __main__: ============================================================
2026-03-04 23:04:08,132 [INFO] __main__: Step 2: Building PLE Model
2026-03-04 23:04:08,132 [INFO] __main__: ============================================================
2026-03-04 23:04:08,164 [INFO] __main__: Total params: 207,690
2026-03-04 23:04:08,164 [INFO] __main__: Trainable params: 207,690
2026-03-04 23:04:08,165 [INFO] __main__: Model architecture:
PLEModel(
  (embeddings): ModuleList(
    (0): Embedding(1001, 8)
    (1): Embedding(501, 8)
    (2): Embedding(51, 8)
    (3): Embedding(21, 8)
    (4): Embedding(101, 8)
    (5): Embedding(6, 8)
    (6): Embedding(31, 8)
    (7): Embedding(201, 8)
    (8): Embedding(101, 8)
    (9): Embedding(25, 8)
    (10): Embedding(8, 8)
    (11): Embedding(13, 8)
    (12-13): 2 x Embedding(51, 8)
    (14-15): 2 x Embedding(31, 8)
    (16): Embedding(11, 8)
    (17): Embedding(21, 8)
    (18): Embedding(16, 8)
    (19): Embedding(9, 8)
  )
  (dense_proj): Linear(in_features=10, out_features=80, bias=True)
  (extraction_layers): ModuleList(
    (0): ExtractionLayer(
      (task_experts): ModuleList(
        (0-1): 2 x ModuleList(
          (0-1): 2 x ExpertNetwork(
            (net): Sequential(
              (0): Linear(in_features=240, out_features=64, bias=True)
              (1): BatchNorm1d(64, eps=1e-05, momentum=0.1, affine=True, track_running_stats=True)
              (2): ReLU(inplace=True)
              (3): Dropout(p=0.1, inplace=False)
              (4): Linear(in_features=64, out_features=64, bias=True)
              (5): BatchNorm1d(64, eps=1e-05, momentum=0.1, affine=True, track_running_stats=True)
              (6): ReLU(inplace=True)
            )
          )
        )
      )
      (shared_experts): ModuleList(
        (0): ExpertNetwork(
          (net): Sequential(
            (0): Linear(in_features=240, out_features=64, bias=True)
            (1): BatchNorm1d(64, eps=1e-05, momentum=0.1, affine=True, track_running_stats=True)
            (2): ReLU(inplace=True)
            (3): Dropout(p=0.1, inplace=False)
            (4): Linear(in_features=64, out_features=64, bias=True)
            (5): BatchNorm1d(64, eps=1e-05, momentum=0.1, affine=True, track_running_stats=True)
            (6): ReLU(inplace=True)
          )
        )
      )
      (gates): ModuleList(
        (0-1): 2 x GateNetwork(
          (fc): Linear(in_features=240, out_features=3, bias=False)
        )
      )
    )
    (1): ExtractionLayer(
      (task_experts): ModuleList(
        (0-1): 2 x ModuleList(
          (0-1): 2 x ExpertNetwork(
            (net): Sequential(
              (0): Linear(in_features=64, out_features=64, bias=True)
              (1): BatchNorm1d(64, eps=1e-05, momentum=0.1, affine=True, track_running_stats=True)
              (2): ReLU(inplace=True)
              (3): Dropout(p=0.1, inplace=False)
              (4): Linear(in_features=64, out_features=64, bias=True)
              (5): BatchNorm1d(64, eps=1e-05, momentum=0.1, affine=True, track_running_stats=True)
              (6): ReLU(inplace=True)
            )
          )
        )
      )
      (shared_experts): ModuleList(
        (0): ExpertNetwork(
          (net): Sequential(
            (0): Linear(in_features=64, out_features=64, bias=True)
            (1): BatchNorm1d(64, eps=1e-05, momentum=0.1, affine=True, track_running_stats=True)
            (2): ReLU(inplace=True)
            (3): Dropout(p=0.1, inplace=False)
            (4): Linear(in_features=64, out_features=64, bias=True)
            (5): BatchNorm1d(64, eps=1e-05, momentum=0.1, affine=True, track_running_stats=True)
            (6): ReLU(inplace=True)
          )
        )
      )
      (gates): ModuleList(
        (0-1): 2 x GateNetwork(
          (fc): Linear(in_features=64, out_features=3, bias=False)
        )
      )
    )
  )
  (task_towers): ModuleList(
    (0-1): 2 x Sequential(
      (0): Linear(in_features=64, out_features=32, bias=True)
      (1): BatchNorm1d(32, eps=1e-05, momentum=0.1, affine=True, track_running_stats=True)
      (2): ReLU(inplace=True)
      (3): Dropout(p=0.1, inplace=False)
      (4): Linear(in_features=32, out_features=16, bias=True)
      (5): ReLU(inplace=True)
      (6): Linear(in_features=16, out_features=1, bias=True)
    )
  )
  (mask_reconstructor): Sequential(
    (0): Linear(in_features=64, out_features=128, bias=True)
    (1): ReLU(inplace=True)
    (2): Linear(in_features=128, out_features=240, bias=True)
  )
)
2026-03-04 23:04:09,812 [INFO] __main__: ============================================================
2026-03-04 23:04:09,812 [INFO] __main__: Step 3: Training
2026-03-04 23:04:09,812 [INFO] __main__: ============================================================
2026-03-04 23:04:09,812 [INFO] src.utils.trainer: ================================================================================
2026-03-04 23:04:09,812 [INFO] src.utils.trainer: Starting Multi-Task Learning Training
2026-03-04 23:04:09,812 [INFO] src.utils.trainer: Model: PLEModel
2026-03-04 23:04:09,812 [INFO] src.utils.trainer: Device: cpu
2026-03-04 23:04:09,812 [INFO] src.utils.trainer: Epochs: 10
2026-03-04 23:04:09,813 [INFO] src.utils.trainer: Config: {
  "num_tasks": 2,
  "embedding_dim": 8,
  "num_extraction_layers": 2,
  "expert_dim": 64,
  "num_task_experts": 2,
  "num_shared_experts": 1,
  "tower_hidden_dim": 32,
  "dropout": 0.1,
  "initial_temperature": 2.0,
  "use_esmm": true,
  "use_feature_mask": true,
  "mask_ratio": 0.15,
  "num_epochs": 10,
  "learning_rate": 0.001,
  "weight_decay": 1e-05,
  "grad_clip": 1.0,
  "use_uncertainty_weight": true,
  "initial_log_sigma": 0.0,
  "mask_loss_weight": 0.1,
  "load_balance_weight": 0.01,
  "temp_decay_rate": 0.95,
  "conflict_check_interval": 100,
  "patience": 15,
  "min_delta": 0.0001,
  "save_interval": 5,
  "ema_alpha": 0.1,
  "conflict_threshold": -0.1,
  "freeze_scale": 0.1,
  "window_size": 50,
  "num_sparse_features": 20,
  "sparse_feature_dims": [
    1001,
    501,
    51,
    21,
    101,
    6,
    31,
    201,
    101,
    25,
    8,
    13,
    51,
    51,
    31,
    31,
    11,
    21,
    16,
    9
  ],
  "num_dense_features": 10
}
2026-03-04 23:04:09,813 [INFO] src.utils.trainer: ================================================================================
2026-03-04 23:05:26,149 [INFO] src.utils.trainer: Epoch   1 | Time: 76.3s | Train Loss: 1.0481 | Val Loss: 0.9540 | CTR AUC: 0.4862 | CVR AUC: 0.4773 | Total AUC: 0.4818 | LR: 0.000976
2026-03-04 23:05:26,150 [INFO] src.utils.trainer:   Task Weights - CTR: 0.9967, CVR: 1.0035 | log_σ - CTR: 0.0017, CVR: -0.0017
2026-03-04 23:05:26,150 [INFO] src.utils.trainer:   Gate Temps: Layer0=[1.9, 1.9], ...
2026-03-04 23:05:26,150 [INFO] src.utils.trainer:   Conflict: cos_sim_ema=0.0304, threshold=-0.1000, ratio=0.0000
2026-03-04 23:05:26,150 [INFO] src.utils.trainer:   Diagnosis: CTR=WARMING_UP - Not enough data
2026-03-04 23:05:26,150 [INFO] src.utils.trainer:   Diagnosis: CVR=WARMING_UP - Not enough data
2026-03-04 23:07:32,055 [INFO] src.utils.trainer: Epoch   2 | Time: 125.9s | Train Loss: 0.9532 | Val Loss: 0.8833 | CTR AUC: 0.4962 | CVR AUC: 0.5035 | Total AUC: 0.4998 | LR: 0.000905
2026-03-04 23:07:32,056 [INFO] src.utils.trainer:   Task Weights - CTR: 0.9938, CVR: 1.0070 | log_σ - CTR: 0.0031, CVR: -0.0035
2026-03-04 23:07:32,056 [INFO] src.utils.trainer:   Gate Temps: Layer0=[1.805, 1.805], ...
2026-03-04 23:07:32,056 [INFO] src.utils.trainer:   Conflict: cos_sim_ema=0.0304, threshold=-0.1000, ratio=0.0000
2026-03-04 23:07:32,056 [INFO] src.utils.trainer:   Diagnosis: CTR=WARMING_UP - Not enough data
2026-03-04 23:07:32,056 [INFO] src.utils.trainer:   Diagnosis: CVR=WARMING_UP - Not enough data
2026-03-04 23:11:46,097 [INFO] src.utils.trainer: Epoch   3 | Time: 254.0s | Train Loss: 0.9211 | Val Loss: 0.8584 | CTR AUC: 0.4975 | CVR AUC: 0.5007 | Total AUC: 0.4991 | LR: 0.000796
2026-03-04 23:11:46,098 [INFO] src.utils.trainer:   Task Weights - CTR: 0.9914, CVR: 1.0103 | log_σ - CTR: 0.0043, CVR: -0.0051
2026-03-04 23:11:46,098 [INFO] src.utils.trainer:   Gate Temps: Layer0=[1.7147499999999998, 1.7147499999999998], ...
2026-03-04 23:11:46,098 [INFO] src.utils.trainer:   Conflict: cos_sim_ema=0.0304, threshold=-0.1000, ratio=0.0000
2026-03-04 23:11:46,098 [INFO] src.utils.trainer:   Diagnosis: CTR=WARMING_UP - Not enough data
2026-03-04 23:11:46,098 [INFO] src.utils.trainer:   Diagnosis: CVR=WARMING_UP - Not enough data
2026-03-04 23:16:41,209 [INFO] src.utils.trainer: Epoch   4 | Time: 295.1s | Train Loss: 0.9034 | Val Loss: 0.8564 | CTR AUC: 0.4990 | CVR AUC: 0.4976 | Total AUC: 0.4983 | LR: 0.000658
2026-03-04 23:16:41,209 [INFO] src.utils.trainer:   Task Weights - CTR: 0.9896, CVR: 1.0132 | log_σ - CTR: 0.0052, CVR: -0.0066
2026-03-04 23:16:41,209 [INFO] src.utils.trainer:   Gate Temps: Layer0=[1.6290124999999998, 1.6290124999999998], ...
2026-03-04 23:16:41,209 [INFO] src.utils.trainer:   Conflict: cos_sim_ema=0.0304, threshold=-0.1000, ratio=0.0000
2026-03-04 23:16:41,209 [INFO] src.utils.trainer:   Diagnosis: CTR=WARMING_UP - Not enough data
2026-03-04 23:16:41,209 [INFO] src.utils.trainer:   Diagnosis: CVR=WARMING_UP - Not enough data
2026-03-04 23:19:33,235 [INFO] src.utils.trainer: Epoch   5 | Time: 172.0s | Train Loss: 0.8930 | Val Loss: 0.8562 | CTR AUC: 0.4988 | CVR AUC: 0.4995 | Total AUC: 0.4992 | LR: 0.000505
2026-03-04 23:19:33,235 [INFO] src.utils.trainer:   Task Weights - CTR: 0.9880, CVR: 1.0157 | log_σ - CTR: 0.0060, CVR: -0.0078
2026-03-04 23:19:33,235 [INFO] src.utils.trainer:   Gate Temps: Layer0=[1.5475618749999998, 1.5475618749999998], ...
2026-03-04 23:19:33,235 [INFO] src.utils.trainer:   Conflict: cos_sim_ema=0.0304, threshold=-0.1000, ratio=0.0000
2026-03-04 23:19:33,235 [INFO] src.utils.trainer:   Diagnosis: CTR=IMPROVING - CTR AUC trending up (slope=0.002805)
2026-03-04 23:19:33,235 [INFO] src.utils.trainer:   Diagnosis: CVR=IMPROVING - CVR AUC trending up (slope=0.003863)
2026-03-04 23:19:33,268 [INFO] src.utils.trainer:   Checkpoint saved: logs/ple/checkpoint_epoch_5.pt
2026-03-04 23:22:25,788 [INFO] src.utils.trainer: Epoch   6 | Time: 172.5s | Train Loss: 0.8850 | Val Loss: 0.8574 | CTR AUC: 0.5011 | CVR AUC: 0.5034 | Total AUC: 0.5023 | LR: 0.000352
2026-03-04 23:22:25,789 [INFO] src.utils.trainer:   Task Weights - CTR: 0.9869, CVR: 1.0177 | log_σ - CTR: 0.0066, CVR: -0.0088
2026-03-04 23:22:25,789 [INFO] src.utils.trainer:   Gate Temps: Layer0=[1.4701837812499996, 1.4701837812499996], ...
2026-03-04 23:22:25,789 [INFO] src.utils.trainer:   Conflict: cos_sim_ema=0.0637, threshold=-0.1000, ratio=0.0000
2026-03-04 23:22:25,789 [INFO] src.utils.trainer:   Diagnosis: CTR=IMPROVING - CTR AUC trending up (slope=0.001113)
2026-03-04 23:22:25,789 [INFO] src.utils.trainer:   Diagnosis: CVR=DEGRADING - CVR AUC trending down (slope=-0.000125)
2026-03-04 23:23:22,704 [INFO] src.utils.trainer: Epoch   7 | Time: 56.9s | Train Loss: 0.8793 | Val Loss: 0.8580 | CTR AUC: 0.5010 | CVR AUC: 0.4998 | Total AUC: 0.5004 | LR: 0.000214
2026-03-04 23:23:22,704 [INFO] src.utils.trainer:   Task Weights - CTR: 0.9860, CVR: 1.0191 | log_σ - CTR: 0.0071, CVR: -0.0095
2026-03-04 23:23:22,704 [INFO] src.utils.trainer:   Gate Temps: Layer0=[1.3966745921874995, 1.3966745921874995], ...
2026-03-04 23:23:22,704 [INFO] src.utils.trainer:   Conflict: cos_sim_ema=0.0637, threshold=-0.1000, ratio=0.0000
2026-03-04 23:23:22,704 [INFO] src.utils.trainer:   Diagnosis: CTR=IMPROVING - CTR AUC trending up (slope=0.000900)
2026-03-04 23:23:22,705 [INFO] src.utils.trainer:   Diagnosis: CVR=CONVERGED - CVR AUC stable
2026-03-04 23:23:45,958 [INFO] src.utils.trainer: Epoch   8 | Time: 23.2s | Train Loss: 0.8745 | Val Loss: 0.8591 | CTR AUC: 0.5026 | CVR AUC: 0.5021 | Total AUC: 0.5024 | LR: 0.000105
2026-03-04 23:23:45,958 [INFO] src.utils.trainer:   Task Weights - CTR: 0.9854, CVR: 1.0202 | log_σ - CTR: 0.0074, CVR: -0.0100
2026-03-04 23:23:45,958 [INFO] src.utils.trainer:   Gate Temps: Layer0=[1.3268408625781245, 1.3268408625781245], ...
2026-03-04 23:23:45,958 [INFO] src.utils.trainer:   Conflict: cos_sim_ema=0.0637, threshold=-0.1000, ratio=0.0000
2026-03-04 23:23:45,958 [INFO] src.utils.trainer:   Diagnosis: CTR=IMPROVING - CTR AUC trending up (slope=0.000941)
2026-03-04 23:23:45,958 [INFO] src.utils.trainer:   Diagnosis: CVR=IMPROVING - CVR AUC trending up (slope=0.000915)
2026-03-04 23:24:19,309 [INFO] src.utils.trainer: Epoch   9 | Time: 33.4s | Train Loss: 0.8714 | Val Loss: 0.8597 | CTR AUC: 0.5035 | CVR AUC: 0.5021 | Total AUC: 0.5028 | LR: 0.000034
2026-03-04 23:24:19,309 [INFO] src.utils.trainer:   Task Weights - CTR: 0.9850, CVR: 1.0208 | log_σ - CTR: 0.0076, CVR: -0.0103
2026-03-04 23:24:19,309 [INFO] src.utils.trainer:   Gate Temps: Layer0=[1.2604988194492182, 1.2604988194492182], ...
2026-03-04 23:24:19,309 [INFO] src.utils.trainer:   Conflict: cos_sim_ema=0.0637, threshold=-0.1000, ratio=0.0000
2026-03-04 23:24:19,309 [INFO] src.utils.trainer:   Diagnosis: CTR=IMPROVING - CTR AUC trending up (slope=0.001087)
2026-03-04 23:24:19,309 [INFO] src.utils.trainer:   Diagnosis: CVR=CONVERGED - CVR AUC stable
2026-03-04 23:24:44,295 [INFO] src.utils.trainer: Epoch  10 | Time: 25.0s | Train Loss: 0.8701 | Val Loss: 0.8597 | CTR AUC: 0.5035 | CVR AUC: 0.5016 | Total AUC: 0.5025 | LR: 0.000010
2026-03-04 23:24:44,295 [INFO] src.utils.trainer:   Task Weights - CTR: 0.9847, CVR: 1.0213 | log_σ - CTR: 0.0077, CVR: -0.0105
2026-03-04 23:24:44,295 [INFO] src.utils.trainer:   Gate Temps: Layer0=[1.1974738784767571, 1.1974738784767571], ...
2026-03-04 23:24:44,295 [INFO] src.utils.trainer:   Conflict: cos_sim_ema=0.0637, threshold=-0.1000, ratio=0.0000
2026-03-04 23:24:44,295 [INFO] src.utils.trainer:   Diagnosis: CTR=IMPROVING - CTR AUC trending up (slope=0.000723)
2026-03-04 23:24:44,295 [INFO] src.utils.trainer:   Diagnosis: CVR=CONVERGED - CVR AUC stable
2026-03-04 23:24:44,346 [INFO] src.utils.trainer:   Checkpoint saved: logs/ple/checkpoint_epoch_10.pt
2026-03-04 23:24:44,350 [INFO] src.utils.trainer: ================================================================================
2026-03-04 23:24:44,350 [INFO] src.utils.trainer: Training Complete!
2026-03-04 23:24:44,350 [INFO] src.utils.trainer: Best Val AUC: 0.502778
2026-03-04 23:24:44,350 [INFO] src.utils.trainer: Logs saved to: logs/ple
2026-03-04 23:24:44,350 [INFO] src.utils.trainer: ================================================================================
2026-03-04 23:24:44,350 [INFO] __main__: Total training time: 1234.5s
2026-03-04 23:24:44,350 [INFO] __main__: ============================================================
2026-03-04 23:24:44,350 [INFO] __main__: Step 4: Test Evaluation
2026-03-04 23:24:44,350 [INFO] __main__: ============================================================
2026-03-04 23:24:45,218 [INFO] __main__: Test Results:
2026-03-04 23:24:45,218 [INFO] __main__:   val_loss: 0.872393
2026-03-04 23:24:45,218 [INFO] __main__:   ctr_auc: 0.497989
2026-03-04 23:24:45,218 [INFO] __main__:   cvr_auc: 0.504691
2026-03-04 23:24:45,218 [INFO] __main__:   total_auc: 0.501340
2026-03-04 23:24:45,218 [INFO] __main__:   ctr_logloss: 0.595321
2026-03-04 23:24:45,218 [INFO] __main__:   cvr_logloss: 0.282802
2026-03-04 23:24:45,219 [INFO] __main__: Frozen uncertainty weights (zero inference overhead): [0.9847319722175598, 1.0212796926498413]
2026-03-04 23:24:45,219 [INFO] __main__: ============================================================
2026-03-04 23:24:45,219 [INFO] __main__: Training Pipeline Complete!
2026-03-04 23:24:45,219 [INFO] __main__: ============================================================
