2026-03-05 18:07:17,411 Data: CTR=0.3826 CVR=0.1268
2026-03-05 18:07:17,551 Data: CTR=0.3826 CVR=0.1268
2026-03-05 18:07:17,577 Data: CTR=0.3826 CVR=0.1268
2026-03-05 18:10:16,342 [mmoe] Ep 1 177s Loss=1.0927 CTR_L=0.6673 CVR_L=0.4269 | Val: CTR=0.5067 CVR=0.5125 Avg=0.5096 | UW=[0.983, 1.01] CosSim=0.1985 | WARM WARM
2026-03-05 18:10:16,344   ★ Best=0.509576
2026-03-05 18:10:54,691 [mmoe] Ep 2 38s Loss=1.0378 CTR_L=0.6637 CVR_L=0.3800 | Val: CTR=0.5196 CVR=0.5294 Avg=0.5245 | UW=[0.968, 1.028] CosSim=0.0553 | WARM WARM
2026-03-05 18:10:54,694   ★ Best=0.524531
2026-03-05 18:11:27,705 [mmoe] Ep 3 33s Loss=1.0257 CTR_L=0.6617 CVR_L=0.3742 | Val: CTR=0.5360 CVR=0.5549 Avg=0.5454 | UW=[0.953, 1.046] CosSim=0.2147 | WARM WARM
2026-03-05 18:11:27,707   ★ Best=0.545429
2026-03-05 18:11:57,697 [mmoe] Ep 4 30s Loss=1.0115 CTR_L=0.6578 CVR_L=0.3678 | Val: CTR=0.5532 CVR=0.5847 Avg=0.5689 | UW=[0.94, 1.063] CosSim=0.4579 | WARM WARM
2026-03-05 18:11:57,700   ★ Best=0.568933
2026-03-05 18:12:31,125 [mmoe] Ep 5 33s Loss=0.9950 CTR_L=0.6524 CVR_L=0.3602 | Val: CTR=0.5721 CVR=0.6164 Avg=0.5943 | UW=[0.929, 1.08] CosSim=0.3586 | WARM WARM
2026-03-05 18:12:31,127   ★ Best=0.594262
2026-03-05 18:12:55,433 [mmoe] Ep 6 24s Loss=0.9771 CTR_L=0.6460 CVR_L=0.3519 | Val: CTR=0.5879 CVR=0.6389 Avg=0.6134 | UW=[0.918, 1.097] CosSim=0.2522 | IMP(s=0.01643) IMP
2026-03-05 18:12:55,435   ★ Best=0.613370
2026-03-05 18:13:26,676 [mmoe] Ep 7 31s Loss=0.9591 CTR_L=0.6389 CVR_L=0.3439 | Val: CTR=0.6009 CVR=0.6563 Avg=0.6286 | UW=[0.91, 1.113] CosSim=0.4173 | IMP(s=0.01726) IMP
2026-03-05 18:13:26,678   ★ Best=0.628583
2026-03-05 18:13:52,895 [mmoe] Ep 8 26s Loss=0.9428 CTR_L=0.6324 CVR_L=0.3367 | Val: CTR=0.6092 CVR=0.6673 Avg=0.6382 | UW=[0.902, 1.128] CosSim=0.3722 | IMP(s=0.01645) IMP
2026-03-05 18:13:52,896   ★ Best=0.638239
2026-03-05 18:14:16,248 [mmoe] Ep 9 23s Loss=0.9277 CTR_L=0.6264 CVR_L=0.3300 | Val: CTR=0.6166 CVR=0.6755 Avg=0.6461 | UW=[0.896, 1.142] CosSim=0.2493 | IMP(s=0.01407) IMP
2026-03-05 18:14:16,250   ★ Best=0.646064
2026-03-05 18:14:40,552 [mmoe] Ep10 24s Loss=0.9152 CTR_L=0.6212 CVR_L=0.3248 | Val: CTR=0.6213 CVR=0.6800 Avg=0.6507 | UW=[0.891, 1.155] CosSim=0.1682 | IMP(s=0.01102) IMP
2026-03-05 18:14:40,554   ★ Best=0.650688
2026-03-05 18:15:10,832 [mmoe] Ep11 30s Loss=0.9018 CTR_L=0.6157 CVR_L=0.3189 | Val: CTR=0.6232 CVR=0.6820 Avg=0.6526 | UW=[0.887, 1.167] CosSim=0.3601 | IMP(s=0.00826) IMP
2026-03-05 18:15:10,834   ★ Best=0.652584
2026-03-05 18:15:41,800 [mmoe] Ep12 31s Loss=0.8916 CTR_L=0.6117 CVR_L=0.3145 | Val: CTR=0.6246 CVR=0.6821 Avg=0.6533 | UW=[0.884, 1.177] CosSim=0.3502 | IMP(s=0.00568) IMP
2026-03-05 18:15:41,802   ★ Best=0.653341
2026-03-05 18:16:02,094 [mmoe] Ep13 20s Loss=0.8820 CTR_L=0.6079 CVR_L=0.3102 | Val: CTR=0.6256 CVR=0.6829 Avg=0.6542 | UW=[0.881, 1.186] CosSim=0.0981 | IMP(s=0.00374) IMP
2026-03-05 18:16:02,096   ★ Best=0.654223
2026-03-05 18:16:21,451 [mmoe] Ep14 19s Loss=0.8739 CTR_L=0.6051 CVR_L=0.3063 | Val: CTR=0.6266 CVR=0.6832 Avg=0.6549 | UW=[0.879, 1.194] CosSim=0.3859 | IMP(s=0.00212) IMP
2026-03-05 18:16:21,452   ★ Best=0.654931
2026-03-05 18:16:41,099 [mmoe] Ep15 20s Loss=0.8668 CTR_L=0.6022 CVR_L=0.3032 | Val: CTR=0.6264 CVR=0.6819 Avg=0.6541 | UW=[0.878, 1.2] CosSim=0.3491 | IMP(s=0.00130) CONV(s=0.0011)
2026-03-05 18:17:09,809 [mmoe] Ep16 29s Loss=0.8619 CTR_L=0.6006 CVR_L=0.3009 | Val: CTR=0.6264 CVR=0.6816 Avg=0.6540 | UW=[0.877, 1.205] CosSim=0.4120 | IMP(s=0.00085) CONV(s=0.0005)
2026-03-05 18:17:29,891 [mmoe] Ep17 20s Loss=0.8562 CTR_L=0.5984 CVR_L=0.2982 | Val: CTR=0.6262 CVR=0.6809 Avg=0.6536 | UW=[0.876, 1.21] CosSim=0.1764 | IMP(s=0.00045) CONV(s=0.0006)
2026-03-05 18:17:49,498 [mmoe] Ep18 20s Loss=0.8546 CTR_L=0.5977 CVR_L=0.2978 | Val: CTR=0.6262 CVR=0.6807 Avg=0.6535 | UW=[0.875, 1.213] CosSim=0.1896 | IMP(s=0.00011) CONV(s=0.0008)
2026-03-05 18:18:09,884 [mmoe] Ep19 20s Loss=0.8521 CTR_L=0.5970 CVR_L=0.2965 | Val: CTR=0.6261 CVR=0.6805 Avg=0.6533 | UW=[0.874, 1.216] CosSim=0.1285 | CONV(d=0.0004) CONV(s=0.0009)
2026-03-05 18:18:27,671 [mmoe] Ep20 18s Loss=0.8501 CTR_L=0.5963 CVR_L=0.2956 | Val: CTR=0.6261 CVR=0.6804 Avg=0.6532 | UW=[0.874, 1.218] CosSim=0.4396 | CONV(d=0.0003) CONV(s=0.0005)
2026-03-05 18:18:29,715 ================================================================================
2026-03-05 18:18:29,715 [mmoe] TEST: CTR=0.626959 CVR=0.688788 Avg=0.657874 CTR_LL=0.648814 CVR_LL=0.374295
2026-03-05 18:18:29,715 ================================================================================
2026-03-05 18:19:19,809 Data: CTR=0.3826 CVR=0.1268
2026-03-05 18:19:39,723 [cgc] Ep 1 19s Loss=1.0893 CTR_L=0.6667 CVR_L=0.4242 | Val: CTR=0.5031 CVR=0.5192 Avg=0.5112 | UW=[0.983, 1.01] CosSim=0.0229 | WARM WARM
2026-03-05 18:19:39,725   ★ Best=0.511191
2026-03-05 18:20:00,680 [cgc] Ep 2 21s Loss=1.0368 CTR_L=0.6636 CVR_L=0.3792 | Val: CTR=0.5184 CVR=0.5365 Avg=0.5275 | UW=[0.968, 1.028] CosSim=0.0496 | WARM WARM
2026-03-05 18:20:00,682   ★ Best=0.527458
2026-03-05 18:20:21,409 [cgc] Ep 3 21s Loss=1.0241 CTR_L=0.6610 CVR_L=0.3733 | Val: CTR=0.5375 CVR=0.5650 Avg=0.5513 | UW=[0.953, 1.046] CosSim=0.0528 | WARM WARM
2026-03-05 18:20:21,411   ★ Best=0.551256
2026-03-05 18:20:50,979 [cgc] Ep 4 30s Loss=1.0080 CTR_L=0.6562 CVR_L=0.3659 | Val: CTR=0.5581 CVR=0.5979 Avg=0.5780 | UW=[0.94, 1.064] CosSim=0.0927 | WARM WARM
2026-03-05 18:20:50,982   ★ Best=0.577966
2026-03-05 18:21:16,166 [cgc] Ep 5 25s Loss=0.9897 CTR_L=0.6494 CVR_L=0.3579 | Val: CTR=0.5765 CVR=0.6280 Avg=0.6022 | UW=[0.929, 1.081] CosSim=0.1203 | WARM WARM
2026-03-05 18:21:16,170   ★ Best=0.602219
2026-03-05 18:21:46,949 [cgc] Ep 6 31s Loss=0.9698 CTR_L=0.6414 CVR_L=0.3492 | Val: CTR=0.5923 CVR=0.6479 Avg=0.6201 | UW=[0.919, 1.098] CosSim=0.1397 | IMP(s=0.01862) IMP
2026-03-05 18:21:46,951   ★ Best=0.620112
2026-03-05 18:22:21,158 [cgc] Ep 7 34s Loss=0.9507 CTR_L=0.6333 CVR_L=0.3410 | Val: CTR=0.6062 CVR=0.6656 Avg=0.6359 | UW=[0.911, 1.114] CosSim=0.1547 | IMP(s=0.01868) IMP
2026-03-05 18:22:21,160   ★ Best=0.635942
2026-03-05 18:22:48,871 [cgc] Ep 8 28s Loss=0.9334 CTR_L=0.6256 CVR_L=0.3339 | Val: CTR=0.6135 CVR=0.6762 Avg=0.6448 | UW=[0.904, 1.129] CosSim=0.1580 | IMP(s=0.01717) IMP
2026-03-05 18:22:48,874   ★ Best=0.644837
2026-03-05 18:23:16,016 [cgc] Ep 9 27s Loss=0.9178 CTR_L=0.6191 CVR_L=0.3272 | Val: CTR=0.6204 CVR=0.6838 Avg=0.6521 | UW=[0.898, 1.144] CosSim=0.1442 | IMP(s=0.01406) IMP
2026-03-05 18:23:16,019   ★ Best=0.652096
2026-03-05 18:23:38,003 [cgc] Ep10 22s Loss=0.9040 CTR_L=0.6128 CVR_L=0.3216 | Val: CTR=0.6229 CVR=0.6854 Avg=0.6541 | UW=[0.893, 1.157] CosSim=0.1965 | IMP(s=0.01090) IMP
2026-03-05 18:23:38,006   ★ Best=0.654142
2026-03-05 18:23:59,419 [cgc] Ep11 21s Loss=0.8918 CTR_L=0.6075 CVR_L=0.3165 | Val: CTR=0.6258 CVR=0.6875 Avg=0.6566 | UW=[0.89, 1.169] CosSim=0.1273 | IMP(s=0.00752) IMP
2026-03-05 18:23:59,421   ★ Best=0.656642
2026-03-05 18:24:19,882 [cgc] Ep12 20s Loss=0.8815 CTR_L=0.6031 CVR_L=0.3123 | Val: CTR=0.6268 CVR=0.6910 Avg=0.6589 | UW=[0.887, 1.179] CosSim=0.2878 | IMP(s=0.00485) IMP
2026-03-05 18:24:19,885   ★ Best=0.658877
2026-03-05 18:24:44,713 [cgc] Ep13 25s Loss=0.8721 CTR_L=0.5991 CVR_L=0.3083 | Val: CTR=0.6279 CVR=0.6911 Avg=0.6595 | UW=[0.885, 1.188] CosSim=0.0389 | IMP(s=0.00320) IMP
2026-03-05 18:24:44,715   ★ Best=0.659525
2026-03-05 18:25:07,576 [cgc] Ep14 23s Loss=0.8640 CTR_L=0.5953 CVR_L=0.3052 | Val: CTR=0.6272 CVR=0.6910 Avg=0.6591 | UW=[0.883, 1.195] CosSim=-0.0009 | IMP(s=0.00190) IMP
2026-03-05 18:25:58,635 [cgc] Ep15 51s Loss=0.8569 CTR_L=0.5926 CVR_L=0.3019 | Val: CTR=0.6270 CVR=0.6907 Avg=0.6588 | UW=[0.882, 1.202] CosSim=0.1552 | IMP(s=0.00107) IMP
2026-03-05 18:27:32,506 [cgc] Ep16 94s Loss=0.8514 CTR_L=0.5908 CVR_L=0.2992 | Val: CTR=0.6270 CVR=0.6904 Avg=0.6587 | UW=[0.881, 1.207] CosSim=0.0502 | IMP(s=0.00027) CONV(s=0.0014)
2026-03-05 18:28:17,618 [cgc] Ep17 45s Loss=0.8468 CTR_L=0.5888 CVR_L=0.2973 | Val: CTR=0.6270 CVR=0.6895 Avg=0.6582 | UW=[0.88, 1.211] CosSim=0.0024 | DEG(s=-0.00005) CONV(s=0.0003)
2026-03-05 18:28:51,059 [cgc] Ep18 33s Loss=0.8437 CTR_L=0.5872 CVR_L=0.2963 | Val: CTR=0.6270 CVR=0.6896 Avg=0.6583 | UW=[0.879, 1.214] CosSim=0.0417 | CONV(d=0.0009) CONV(s=0.0006)
2026-03-05 18:29:23,315 [cgc] Ep19 32s Loss=0.8415 CTR_L=0.5865 CVR_L=0.2954 | Val: CTR=0.6269 CVR=0.6894 Avg=0.6581 | UW=[0.879, 1.217] CosSim=0.1307 | CONV(d=0.0002) CONV(s=0.0006)
2026-03-05 18:29:49,266 [cgc] Ep20 26s Loss=0.8407 CTR_L=0.5862 CVR_L=0.2951 | Val: CTR=0.6268 CVR=0.6893 Avg=0.6580 | UW=[0.879, 1.219] CosSim=-0.0288 | CONV(d=0.0002) CONV(s=0.0005)
2026-03-05 18:29:51,418 ================================================================================
2026-03-05 18:29:51,418 [cgc] TEST: CTR=0.629590 CVR=0.690764 Avg=0.660177 CTR_LL=0.650755 CVR_LL=0.367459
2026-03-05 18:29:51,418 ================================================================================
2026-03-05 18:30:23,783 Data: CTR=0.3826 CVR=0.1268
2026-03-05 18:30:50,188 [ple] Ep 1 25s Loss=1.1109 CTR_L=0.6690 CVR_L=0.3837 | Val: CTR=0.5025 CVR=0.5048 Avg=0.5036 | UW=[0.984, 1.017] CosSim=0.1836 | WARM WARM T=[[1.42, 1.42], [1.42, 1.42]]
2026-03-05 18:30:50,191   ★ Best=0.503633
2026-03-05 18:31:13,030 [ple] Ep 2 23s Loss=1.0920 CTR_L=0.6659 CVR_L=0.3803 | Val: CTR=0.5097 CVR=0.5235 Avg=0.5166 | UW=[0.968, 1.035] CosSim=0.2824 | WARM WARM T=[[1.35, 1.35], [1.35, 1.35]]
2026-03-05 18:31:13,033   ★ Best=0.516587
2026-03-05 18:31:35,864 [ple] Ep 3 23s Loss=1.0801 CTR_L=0.6650 CVR_L=0.3791 | Val: CTR=0.5190 CVR=0.5384 Avg=0.5287 | UW=[0.953, 1.051] CosSim=0.2433 | WARM WARM T=[[1.29, 1.29], [1.29, 1.29]]
2026-03-05 18:31:35,867   ★ Best=0.528718
2026-03-05 18:32:00,300 [ple] Ep 4 24s Loss=1.0696 CTR_L=0.6641 CVR_L=0.3777 | Val: CTR=0.5329 CVR=0.5610 Avg=0.5469 | UW=[0.94, 1.067] CosSim=0.3232 | WARM WARM T=[[1.22, 1.22], [1.22, 1.22]]
2026-03-05 18:32:00,302   ★ Best=0.546950
2026-03-05 18:32:26,840 [ple] Ep 5 26s Loss=1.0577 CTR_L=0.6619 CVR_L=0.3750 | Val: CTR=0.5496 CVR=0.5857 Avg=0.5676 | UW=[0.928, 1.082] CosSim=0.4121 | WARM WARM T=[[1.16, 1.16], [1.16, 1.16]]
2026-03-05 18:32:26,843   ★ Best=0.567649
2026-03-05 18:32:50,975 [ple] Ep 6 24s Loss=1.0451 CTR_L=0.6588 CVR_L=0.3714 | Val: CTR=0.5677 CVR=0.6141 Avg=0.5909 | UW=[0.917, 1.097] CosSim=0.5458 | IMP(s=0.01174) IMP T=[[1.1, 1.1], [1.1, 1.1]]
2026-03-05 18:32:50,978   ★ Best=0.590892
2026-03-05 18:33:16,138 [ple] Ep 7 25s Loss=1.0305 CTR_L=0.6547 CVR_L=0.3661 | Val: CTR=0.5855 CVR=0.6393 Avg=0.6124 | UW=[0.907, 1.111] CosSim=0.3009 | IMP(s=0.01466) IMP T=[[1.05, 1.05], [1.05, 1.05]]
2026-03-05 18:33:16,141   ★ Best=0.612397
2026-03-05 18:33:40,401 [ple] Ep 8 24s Loss=1.0160 CTR_L=0.6502 CVR_L=0.3605 | Val: CTR=0.6016 CVR=0.6625 Avg=0.6320 | UW=[0.899, 1.125] CosSim=0.3110 | IMP(s=0.01679) IMP T=[[1.0, 1.0], [1.0, 1.0]]
2026-03-05 18:33:40,404   ★ Best=0.632038
2026-03-05 18:34:04,729 [ple] Ep 9 24s Loss=1.0019 CTR_L=0.6454 CVR_L=0.3551 | Val: CTR=0.6136 CVR=0.6797 Avg=0.6467 | UW=[0.892, 1.138] CosSim=0.4369 | IMP(s=0.01733) IMP T=[[0.95, 0.95], [0.95, 0.95]]
2026-03-05 18:34:04,732   ★ Best=0.646684
2026-03-05 18:34:28,420 [ple] Ep10 24s Loss=0.9891 CTR_L=0.6407 CVR_L=0.3501 | Val: CTR=0.6231 CVR=0.6898 Avg=0.6564 | UW=[0.886, 1.15] CosSim=0.4960 | IMP(s=0.01619) IMP T=[[0.9, 0.9], [0.9, 0.9]]
2026-03-05 18:34:28,423   ★ Best=0.656406
2026-03-05 18:34:51,127 [ple] Ep11 23s Loss=0.9799 CTR_L=0.6378 CVR_L=0.3465 | Val: CTR=0.6287 CVR=0.6965 Avg=0.6626 | UW=[0.881, 1.16] CosSim=0.5421 | IMP(s=0.01387) IMP T=[[0.85, 0.85], [0.85, 0.85]]
2026-03-05 18:34:51,130   ★ Best=0.662595
2026-03-05 18:35:16,957 [ple] Ep12 26s Loss=0.9717 CTR_L=0.6348 CVR_L=0.3435 | Val: CTR=0.6332 CVR=0.7010 Avg=0.6671 | UW=[0.877, 1.17] CosSim=0.3159 | IMP(s=0.01079) IMP T=[[0.81, 0.81], [0.81, 0.81]]
2026-03-05 18:35:16,961   ★ Best=0.667091
2026-03-05 18:35:53,079 [ple] Ep13 36s Loss=0.9662 CTR_L=0.6330 CVR_L=0.3417 | Val: CTR=0.6360 CVR=0.7036 Avg=0.6698 | UW=[0.874, 1.178] CosSim=0.1494 | IMP(s=0.00784) IMP T=[[0.77, 0.77], [0.77, 0.77]]
2026-03-05 18:35:53,082   ★ Best=0.669803
2026-03-05 18:36:25,525 [ple] Ep14 32s Loss=0.9607 CTR_L=0.6307 CVR_L=0.3398 | Val: CTR=0.6381 CVR=0.7054 Avg=0.6718 | UW=[0.871, 1.185] CosSim=0.3912 | IMP(s=0.00549) IMP T=[[0.73, 0.73], [0.73, 0.73]]
2026-03-05 18:36:25,528   ★ Best=0.671762
2026-03-05 18:36:54,324 [ple] Ep15 29s Loss=0.9574 CTR_L=0.6302 CVR_L=0.3382 | Val: CTR=0.6395 CVR=0.7064 Avg=0.6730 | UW=[0.869, 1.19] CosSim=0.4845 | IMP(s=0.00374) IMP T=[[0.69, 0.69], [0.69, 0.69]]
2026-03-05 18:36:54,327   ★ Best=0.672957
2026-03-05 18:37:24,590 [ple] Ep16 30s Loss=0.9536 CTR_L=0.6290 CVR_L=0.3366 | Val: CTR=0.6403 CVR=0.7066 Avg=0.6734 | UW=[0.867, 1.195] CosSim=0.2390 | IMP(s=0.00264) IMP T=[[0.66, 0.66], [0.66, 0.66]]
2026-03-05 18:37:24,593   ★ Best=0.673444
2026-03-05 18:37:49,533 [ple] Ep17 25s Loss=0.9516 CTR_L=0.6278 CVR_L=0.3362 | Val: CTR=0.6408 CVR=0.7069 Avg=0.6738 | UW=[0.866, 1.199] CosSim=0.3325 | IMP(s=0.00176) IMP T=[[0.63, 0.63], [0.63, 0.63]]
2026-03-05 18:37:49,536   ★ Best=0.673844
2026-03-05 18:38:17,625 [ple] Ep18 28s Loss=0.9497 CTR_L=0.6275 CVR_L=0.3353 | Val: CTR=0.6409 CVR=0.7070 Avg=0.6739 | UW=[0.864, 1.202] CosSim=0.5604 | IMP(s=0.00117) CONV(s=0.0012) T=[[0.6, 0.6], [0.6, 0.6]]
2026-03-05 18:38:17,628   ★ Best=0.673947
2026-03-05 18:38:52,940 [ple] Ep19 35s Loss=0.9491 CTR_L=0.6273 CVR_L=0.3352 | Val: CTR=0.6409 CVR=0.7066 Avg=0.6738 | UW=[0.863, 1.204] CosSim=0.2485 | IMP(s=0.00069) CONV(s=0.0006) T=[[0.57, 0.57], [0.57, 0.57]]
2026-03-05 18:39:18,593 [ple] Ep20 26s Loss=0.9480 CTR_L=0.6270 CVR_L=0.3346 | Val: CTR=0.6409 CVR=0.7065 Avg=0.6737 | UW=[0.863, 1.206] CosSim=0.4332 | IMP(s=0.00036) CONV(s=0.0002) T=[[0.54, 0.54], [0.54, 0.54]]
2026-03-05 18:39:20,555 ================================================================================
2026-03-05 18:39:20,555 [ple] TEST: CTR=0.642190 CVR=0.712438 Avg=0.677314 CTR_LL=0.636687 CVR_LL=0.351732
2026-03-05 18:39:20,555 ================================================================================
2026-03-05 18:40:05,554 Data: CTR=0.3826 CVR=0.1268
2026-03-05 18:40:05,648 
====================================================================================================
2026-03-05 18:40:05,649 FINAL COMPARISON (500K samples, 20 epochs, CPU)
2026-03-05 18:40:05,649 ====================================================================================================
2026-03-05 18:40:05,649 Model    Params    CTR_AUC    CVR_AUC    Avg_AUC     CTR_LL     CVR_LL                   UW Epochs
2026-03-05 18:40:05,649 ----------------------------------------------------------------------------------------------------
2026-03-05 18:40:05,649 mmoe    153,690   0.626959   0.688788   0.657874   0.648814   0.374295       [0.874, 1.218]     20
2026-03-05 18:40:05,649 cgc     192,890   0.629590   0.690764   0.660177   0.650755   0.367459       [0.879, 1.219]     20
2026-03-05 18:40:05,649 ple     243,978   0.642190   0.712438   0.677314   0.636687   0.351732       [0.863, 1.206]     20
2026-03-05 18:40:05,649 
🏆 Winner: PLE (Avg AUC=0.677314)
